 File has been used for this event: product_2017-11-01_121509.csv
 Type of the imported file: csv
 Revision of the which is used: 2
 Mode of event: Insert
 Total no of records: 193
 Rows handled on each iterations (Based on your server configuration): 1
 File used to import data into: product (product)
[2017-11-01 20:35:21] Message: Inserted product ID: 941,  Status: publish 
[2017-11-01 20:35:22] Message: Inserted product ID: 942,  Status: publish 
[2017-11-01 20:35:23] Message: Inserted product ID: 943,  Status: publish 
[2017-11-01 20:35:24] Message: Inserted product ID: 944,  Status: publish 
[2017-11-01 20:35:24] Message: Inserted product ID: 945,  Status: publish 
[2017-11-01 20:35:25] Message: Inserted product ID: 946,  Status: publish 
[2017-11-01 20:35:26] Message: Inserted product ID: 947,  Status: publish 
[2017-11-01 20:35:27] Message: Inserted product ID: 948,  Status: publish 
[2017-11-01 20:35:27] Message: Inserted product ID: 949,  Status: publish 
[2017-11-01 20:35:28] Message: Inserted product ID: 950,  Status: publish 
[2017-11-01 20:35:30] Message: Inserted product ID: 957,  Status: publish 
[2017-11-01 20:35:31] Message: Inserted product ID: 959,  Status: publish 
[2017-11-01 20:35:35] Message: Inserted product ID: 963,  Status: publish 
[2017-11-01 20:35:36] Message: Inserted product ID: 964,  Status: publish 
[2017-11-01 20:35:36] Message: Inserted product ID: 965,  Status: publish 
[2017-11-01 20:35:37] Message: Inserted product ID: 966,  Status: publish 
[2017-11-01 20:35:37] Message: Inserted product ID: 967,  Status: publish 
[2017-11-01 20:35:39] Message: Inserted product ID: 969,  Status: publish 
[2017-11-01 20:35:45] Message: Inserted product ID: 976,  Status: publish 
[2017-11-01 20:35:46] Message: Inserted product ID: 977,  Status: publish 
[2017-11-01 20:35:47] Message: Inserted product ID: 978,  Status: publish 
[2017-11-01 20:35:47] Message: Inserted product ID: 979,  Status: publish 
[2017-11-01 20:35:47] Message: Inserted product ID: 980,  Status: publish 
[2017-11-01 20:35:49] Message: Inserted product ID: 982,  Status: publish 
[2017-11-01 20:35:51] Message: Inserted product ID: 984,  Status: publish 
[2017-11-01 20:35:54] Message: Inserted product ID: 989,  Status: publish 
[2017-11-01 20:35:57] Message: Inserted product ID: 990,  Status: publish 
[2017-11-01 20:35:58] Message: Inserted product ID: 991,  Status: publish 
[2017-11-01 20:36:00] Message: Inserted product ID: 993,  Status: publish 
[2017-11-01 20:36:02] Message: Inserted product ID: 997,  Status: publish 
[2017-11-01 20:36:05] Message: Inserted product ID: 999,  Status: publish 
[2017-11-01 20:36:07] Message: Inserted product ID: 1000,  Status: publish 
[2017-11-01 20:36:08] Message: Inserted product ID: 1001,  Status: publish 
[2017-11-01 20:36:11] Message: Inserted product ID: 1004,  Status: publish 
[2017-11-01 20:36:15] Message: Inserted product ID: 1008,  Status: publish 
[2017-11-01 20:36:17] Message: Inserted product ID: 1009,  Status: publish 
[2017-11-01 20:36:18] Message: Inserted product ID: 1010,  Status: publish 
[2017-11-01 20:36:21] Message: Inserted product ID: 1013,  Status: publish 
[2017-11-01 20:36:24] Message: Inserted product ID: 1016,  Status: publish 
[2017-11-01 20:36:26] Message: Inserted product ID: 1017,  Status: publish 
[2017-11-01 20:36:27] Message: Inserted product ID: 1018,  Status: publish 
[2017-11-01 20:36:28] Message: Inserted product ID: 1019,  Status: publish 
[2017-11-01 20:36:31] Message: Inserted product ID: 1022,  Status: publish 
[2017-11-01 20:36:34] Message: Inserted product ID: 1026,  Status: publish 
[2017-11-01 20:36:37] Message: Inserted product ID: 1027,  Status: publish 
[2017-11-01 20:36:38] Message: Inserted product ID: 1028,  Status: publish 
[2017-11-01 20:36:41] Message: Inserted product ID: 1031,  Status: publish 
[2017-11-01 20:36:44] Message: Inserted product ID: 1034,  Status: publish 
[2017-11-01 20:36:46] Message: Inserted product ID: 1035,  Status: publish 
[2017-11-01 20:36:47] Message: Inserted product ID: 1036,  Status: publish 
[2017-11-01 20:36:50] Message: Inserted product ID: 1039,  Status: publish 
[2017-11-01 20:36:53] Message: Inserted product ID: 1042,  Status: publish 
[2017-11-01 20:36:55] Message: Inserted product ID: 1043,  Status: publish 
[2017-11-01 20:36:56] Message: Inserted product ID: 1044,  Status: publish 
[2017-11-01 20:36:58] Message: Inserted product ID: 1045,  Status: publish 
[2017-11-01 20:37:00] Message: Inserted product ID: 1048,  Status: publish 
[2017-11-01 20:37:03] Message: Inserted product ID: 1052,  Status: publish 
[2017-11-01 20:37:05] Message: Inserted product ID: 1053,  Status: publish 
[2017-11-01 20:37:06] Message: Inserted product ID: 1054,  Status: publish 
[2017-11-01 20:37:08] Message: Inserted product ID: 1055,  Status: publish 
[2017-11-01 20:37:10] Message: Inserted product ID: 1059,  Status: publish 
[2017-11-01 20:37:12] Message: Inserted product ID: 1062,  Status: publish 
[2017-11-01 20:37:15] Message: Inserted product ID: 1063,  Status: publish 
[2017-11-01 20:37:16] Message: Inserted product ID: 1064,  Status: publish 
[2017-11-01 20:37:18] Message: Inserted product ID: 1065,  Status: publish 
[2017-11-01 20:37:23] Message: Inserted product ID: 1068,  Status: publish 
[2017-11-01 20:37:26] Message: Inserted product ID: 1072,  Status: publish 
[2017-11-01 20:37:28] Message: Inserted product ID: 1073,  Status: publish 
[2017-11-01 20:37:30] Message: Inserted product ID: 1076,  Status: publish 
[2017-11-01 20:37:33] Message: Inserted product ID: 1078,  Status: publish 
[2017-11-01 20:37:34] Message: Inserted product ID: 1079,  Status: publish 
[2017-11-01 20:37:37] Message: Inserted product ID: 1080,  Status: publish 
[2017-11-01 20:37:40] Message: Inserted product ID: 1083,  Status: publish 
[2017-11-01 20:37:43] Message: Inserted product ID: 1086,  Status: publish 
[2017-11-01 20:37:45] Message: Inserted product ID: 1087,  Status: publish 
[2017-11-01 20:37:46] Message: Inserted product ID: 1088,  Status: publish 
[2017-11-01 20:37:47] Message: Inserted product ID: 1089,  Status: publish 
[2017-11-01 20:37:50] Message: Inserted product ID: 1092,  Status: publish 
[2017-11-01 20:37:53] Message: Inserted product ID: 1096,  Status: publish 
[2017-11-01 20:37:55] Message: Inserted product ID: 1097,  Status: publish 
[2017-11-01 20:37:56] Message: Inserted product ID: 1098,  Status: publish 
[2017-11-01 20:37:58] Message: Inserted product ID: 1099,  Status: publish 
[2017-11-01 20:38:00] Message: Inserted product ID: 1102,  Status: publish 
[2017-11-01 20:38:03] Message: Inserted product ID: 1106,  Status: publish 
[2017-11-01 20:38:06] Message: Inserted product ID: 1107,  Status: publish 
[2017-11-01 20:38:07] Message: Inserted product ID: 1108,  Status: publish 
[2017-11-01 20:38:10] Message: Inserted product ID: 1111,  Status: publish 
[2017-11-01 20:38:13] Message: Inserted product ID: 1114,  Status: publish 
[2017-11-01 20:38:16] Message: Inserted product ID: 1115,  Status: publish 
[2017-11-01 20:38:17] Message: Inserted product ID: 1116,  Status: publish 
[2017-11-01 20:38:20] Message: Inserted product ID: 1119,  Status: publish 
[2017-11-01 20:38:23] Message: Inserted product ID: 1122,  Status: publish 
[2017-11-01 20:38:25] Message: Inserted product ID: 1123,  Status: publish 
[2017-11-01 20:38:26] Message: Inserted product ID: 1124,  Status: publish 
[2017-11-01 20:38:28] Message: Inserted product ID: 1125,  Status: publish 
[2017-11-01 20:38:30] Message: Inserted product ID: 1128,  Status: publish 
[2017-11-01 20:38:33] Message: Inserted product ID: 1132,  Status: publish 
[2017-11-01 20:38:36] Message: Inserted product ID: 1133,  Status: publish 
[2017-11-01 20:38:37] Message: Inserted product ID: 1134,  Status: publish 
[2017-11-01 20:38:40] Message: Inserted product ID: 1137,  Status: publish 
[2017-11-01 20:38:43] Message: Inserted product ID: 1140,  Status: publish 
[2017-11-01 20:38:45] Message: Inserted product ID: 1141,  Status: publish 
[2017-11-01 20:38:46] Message: Inserted product ID: 1142,  Status: publish 
[2017-11-01 20:38:48] Message: Inserted product ID: 1143,  Status: publish 
[2017-11-01 20:38:50] Message: Inserted product ID: 1147,  Status: publish 
[2017-11-01 20:38:53] Message: Inserted product ID: 1150,  Status: publish 
[2017-11-01 20:38:55] Message: Inserted product ID: 1151,  Status: publish 
[2017-11-01 20:38:56] Message: Inserted product ID: 1152,  Status: publish 
[2017-11-01 20:38:58] Message: Inserted product ID: 1153,  Status: publish 
[2017-11-01 20:39:00] Message: Inserted product ID: 1156,  Status: publish 
[2017-11-01 20:39:03] Message: Inserted product ID: 1160,  Status: publish 
[2017-11-01 20:39:06] Message: Inserted product ID: 1161,  Status: publish 
[2017-11-01 20:39:07] Message: Inserted product ID: 1162,  Status: publish 
[2017-11-01 20:39:10] Message: Inserted product ID: 1165,  Status: publish 
[2017-11-01 20:39:13] Message: Inserted product ID: 1168,  Status: publish 
[2017-11-01 20:39:15] Message: Inserted product ID: 1169,  Status: publish 
[2017-11-01 20:39:16] Message: Inserted product ID: 1170,  Status: publish 
[2017-11-01 20:39:17] Message: Inserted product ID: 1171,  Status: publish 
[2017-11-01 20:39:20] Message: Inserted product ID: 1174,  Status: publish 
[2017-11-01 20:39:23] Message: Inserted product ID: 1178,  Status: publish 
[2017-11-01 20:39:26] Message: Inserted product ID: 1179,  Status: publish 
[2017-11-01 20:39:27] Message: Inserted product ID: 1180,  Status: publish 
[2017-11-01 20:39:30] Message: Inserted product ID: 1183,  Status: publish 
[2017-11-01 20:39:33] Message: Inserted product ID: 1186,  Status: publish 
[2017-11-01 20:39:35] Message: Inserted product ID: 1187,  Status: publish 
[2017-11-01 20:39:36] Message: Inserted product ID: 1188,  Status: publish 
[2017-11-01 20:39:38] Message: Inserted product ID: 1189,  Status: publish 
[2017-11-01 20:39:40] Message: Inserted product ID: 1192,  Status: publish 
[2017-11-01 20:39:43] Message: Inserted product ID: 1196,  Status: publish 
[2017-11-01 20:39:46] Message: Inserted product ID: 1197,  Status: publish 
[2017-11-01 20:39:47] Message: Inserted product ID: 1198,  Status: publish 
[2017-11-01 20:39:50] Message: Inserted product ID: 1202,  Status: publish 
[2017-11-01 20:39:52] Message: Inserted product ID: 1204,  Status: publish 
[2017-11-01 20:39:55] Message: Inserted product ID: 1205,  Status: publish 
[2017-11-01 20:39:56] Message: Inserted product ID: 1206,  Status: publish 
[2017-11-01 20:39:58] Message: Inserted product ID: 1207,  Status: publish 
[2017-11-01 20:40:00] Message: Inserted product ID: 1211,  Status: publish 
[2017-11-01 20:40:03] Message: Inserted product ID: 1214,  Status: publish 
[2017-11-01 20:40:05] Message: Inserted product ID: 1215,  Status: publish 
[2017-11-01 20:40:06] Message: Inserted product ID: 1216,  Status: publish 
[2017-11-01 20:40:08] Message: Inserted product ID: 1217,  Status: publish 
[2017-11-01 20:40:10] Message: Inserted product ID: 1220,  Status: publish 
[2017-11-01 20:40:13] Message: Inserted product ID: 1224,  Status: publish 
[2017-11-01 20:40:16] Message: Inserted product ID: 1225,  Status: publish 
[2017-11-01 20:40:17] Message: Inserted product ID: 1226,  Status: publish 
[2017-11-01 20:40:20] Message: Inserted product ID: 1229,  Status: publish 
[2017-11-01 20:40:24] Message: Inserted product ID: 1232,  Status: publish 
[2017-11-01 20:40:26] Message: Inserted product ID: 1233,  Status: publish 
[2017-11-01 20:40:27] Message: Inserted product ID: 1234,  Status: publish 
[2017-11-01 20:40:30] Message: Inserted product ID: 1237,  Status: publish 
[2017-11-01 20:40:33] Message: Inserted product ID: 1240,  Status: publish 
[2017-11-01 20:40:35] Message: Inserted product ID: 1241,  Status: publish 
[2017-11-01 20:40:36] Message: Inserted product ID: 1242,  Status: publish 
[2017-11-01 20:40:38] Message: Inserted product ID: 1243,  Status: publish 
[2017-11-01 20:40:40] Message: Inserted product ID: 1246,  Status: publish 
[2017-11-01 20:40:43] Message: Inserted product ID: 1250,  Status: publish 
[2017-11-01 20:40:46] Message: Inserted product ID: 1251,  Status: publish 
[2017-11-01 20:40:47] Message: Inserted product ID: 1252,  Status: publish 
[2017-11-01 20:40:50] Message: Inserted product ID: 1255,  Status: publish 
[2017-11-01 20:40:53] Message: Inserted product ID: 1258,  Status: publish 
[2017-11-01 20:40:55] Message: Inserted product ID: 1259,  Status: publish 
[2017-11-01 20:40:56] Message: Inserted product ID: 1260,  Status: publish 
[2017-11-01 20:40:57] Message: Inserted product ID: 1261,  Status: publish 
[2017-11-01 20:41:00] Message: Inserted product ID: 1264,  Status: publish 
[2017-11-01 20:41:03] Message: Inserted product ID: 1268,  Status: publish 
[2017-11-01 20:41:06] Message: Inserted product ID: 1269,  Status: publish 
[2017-11-01 20:41:07] Message: Inserted product ID: 1270,  Status: publish 
[2017-11-01 20:41:10] Message: Inserted product ID: 1273,  Status: publish 
[2017-11-01 20:41:12] Message: Inserted product ID: 1276,  Status: publish 
[2017-11-01 20:41:15] Message: Inserted product ID: 1277,  Status: publish 
[2017-11-01 20:41:16] Message: Inserted product ID: 1278,  Status: publish 
[2017-11-01 20:41:18] Message: Inserted product ID: 1279,  Status: publish 
[2017-11-01 20:41:20] Message: Inserted product ID: 1282,  Status: publish 
[2017-11-01 20:41:23] Message: Inserted product ID: 1286,  Status: publish 
[2017-11-01 20:41:26] Message: Inserted product ID: 1287,  Status: publish 
[2017-11-01 20:41:27] Message: Inserted product ID: 1288,  Status: publish 
[2017-11-01 20:41:30] Message: Inserted product ID: 1291,  Status: publish 
[2017-11-01 20:41:33] Message: Inserted product ID: 1294,  Status: publish 
[2017-11-01 20:41:35] Message: Inserted product ID: 1295,  Status: publish 
[2017-11-01 20:41:36] Message: Inserted product ID: 1296,  Status: publish 
[2017-11-01 20:41:40] Message: Inserted product ID: 1299,  Status: publish 
[2017-11-01 20:41:43] Message: Inserted product ID: 1302,  Status: publish 
[2017-11-01 20:41:47] Message: Inserted product ID: 1303,  Status: publish 
[2017-11-01 20:41:49] Message: Inserted product ID: 1305,  Status: publish 
[2017-11-01 20:41:51] Message: Inserted product ID: 1308,  Status: publish 
[2017-11-01 20:41:52] Message: Inserted product ID: 1309,  Status: publish 
[2017-11-01 20:41:54] Message: Inserted product ID: 1310,  Status: publish 
[2017-11-01 20:41:55] Message: Inserted product ID: 1311,  Status: publish 
[2017-11-01 20:41:57] Message: Inserted product ID: 1312,  Status: publish 
[2017-11-01 20:42:00] Message: Inserted product ID: 1315,  Status: publish 
[2017-11-01 20:42:04] Message: Inserted product ID: 1320,  Status: publish 
[2017-11-01 20:42:06] Message: Inserted product ID: 1321,  Status: publish 
[2017-11-01 20:42:07] Message: Inserted product ID: 1322,  Status: publish 
