 File has been used for this event: ps_category_lang.csv
 Type of the imported file: csv
 Revision of the which is used: 2
 Mode of event: Insert
 Total no of records: 42
 Rows handled on each iterations (Based on your server configuration): 1
 File used to import data into: post (Posts)
[2017-11-17 20:17:10] Categories: Root 
[2017-11-17 20:17:10] Categories: Home 
[2017-11-17 20:17:11] Categories: Machine Vision & Factory Automation Lenses 
[2017-11-17 20:17:12] Categories: CCTV Lenses 
[2017-11-17 20:17:13] Categories: 4/3" XC Series 
[2017-11-17 20:17:14] Categories: 2/3" 10MP JC10M Series 
[2017-11-17 20:17:15] Categories: 2/3" 5MP Plus JC5M2 Series 
[2017-11-17 20:17:16] Categories: Wide Angle Megapixel NCM Series 
[2017-11-17 20:17:16] Categories: 2/3" JCM Series 
[2017-11-17 20:17:17] Categories: 1" HC Series 
[2017-11-17 20:17:19] Categories: 2/3" JC Series 
[2017-11-17 20:17:19] Categories: 1/2" NCL Series 
[2017-11-17 20:17:20] Categories: Varifocal Lens 
[2017-11-17 20:17:21] Categories: 1" SWIR HC-SW Series 
[2017-11-17 20:17:22] Categories: Large Format NIR Series 
[2017-11-17 20:17:22] Categories: 1/3" NF-Mount NF Series 
[2017-11-17 20:17:24] Categories: Φ46 LF Series 
[2017-11-17 20:17:25] Categories: Φ30 CLS Series 
[2017-11-17 20:17:25] Categories: 1/2" 3CCD NC3 Series 
[2017-11-17 20:17:26] Categories: Telecentric Lenses 
[2017-11-17 20:17:27] Categories: Macro Zoom Lenses 
[2017-11-17 20:17:28] Categories: Zoom Day & Night Megapixel Lenses 
[2017-11-17 20:17:29] Categories: Zoom Megapixel Lenses 
[2017-11-17 20:17:30] Categories: Zoom SWIR Lenses 
[2017-11-17 20:17:31] Categories: Zoom High Resolution Lenses 
[2017-11-17 20:17:31] Categories: Varifocal Day & Night Megapixel Lenses 
[2017-11-17 20:17:32] Categories: Varifocal Day & Night High Resolution Lenses 
[2017-11-17 20:17:33] Categories: Varifocal Megapixel Lenses 
[2017-11-17 20:17:34] Categories: Varifocal High Resolution Lenses 
[2017-11-17 20:17:35] Categories: Day & Night Megapixel P-Iris Lenses 
[2017-11-17 20:17:36] Categories: High Resolution Lenses 
[2017-11-17 20:17:37] Categories: Cameras & Accessories 
[2017-11-17 20:17:37] Categories: Spacer Rings 
[2017-11-17 20:17:39] Categories: C to CS-Mount Adapter 
[2017-11-17 20:17:40] Categories: 2x Extenders 
[2017-11-17 20:17:40] Categories: 1" 6MP Plus SC Series 
[2017-11-17 20:17:41] Categories: 2/3" Anti-Shock & Vibration JCM-V Series 
[2017-11-17 20:17:42] Categories: Cinema & Photography 
[2017-11-17 20:17:43] Categories: Cameras 
[2017-11-17 20:17:44] Categories: Archived 
[2017-11-17 20:17:45] Categories: 1" Anti-Shock & Vibration HC-V Series 
[2017-11-17 20:17:46] Categories: 2/3" 3MP JC3M2 Series 
